This is pdfTeX, Version 3.14159265-2.6-1.40.18 (TeX Live 2017/TeX Live for SUSE Linux) (preloaded format=pdflatex 2018.11.15)  6 MAR 2019 22:50
entering extended mode
 restricted \write18 enabled.
 %&-line parsing enabled.
**paper_gbr2d.tex
(./paper_gbr2d.tex
LaTeX2e <2017-04-15>
Babel <3.10> and hyphenation patterns for 50 language(s) loaded.
(/usr/share/texmf/tex/latex/base/article.cls
Document Class: article 2014/09/29 v1.4h Standard LaTeX document class
(/usr/share/texmf/tex/latex/base/size12.clo
File: size12.clo 2014/09/29 v1.4h Standard LaTeX file (size option)
)
\c@part=\count79
\c@section=\count80
\c@subsection=\count81
\c@subsubsection=\count82
\c@paragraph=\count83
\c@subparagraph=\count84
\c@figure=\count85
\c@table=\count86
\abovecaptionskip=\skip41
\belowcaptionskip=\skip42
\bibindent=\dimen102
)
(/usr/share/texmf/tex/latex/geometry/geometry.sty
Package: geometry 2010/09/12 v5.6 Page Geometry

(/usr/share/texmf/tex/latex/graphics/keyval.sty
Package: keyval 2014/10/28 v1.15 key=value parser (DPC)
\KV@toks@=\toks14
)
(/usr/share/texmf/tex/generic/oberdiek/ifpdf.sty
Package: ifpdf 2017/03/15 v3.2 Provides the ifpdf switch
)
(/usr/share/texmf/tex/generic/oberdiek/ifvtex.sty
Package: ifvtex 2016/05/16 v1.6 Detect VTeX and its facilities (HO)
Package ifvtex Info: VTeX not detected.
)
(/usr/share/texmf/tex/generic/ifxetex/ifxetex.sty
Package: ifxetex 2010/09/12 v0.6 Provides ifxetex conditional
)
\Gm@cnth=\count87
\Gm@cntv=\count88
\c@Gm@tempcnt=\count89
\Gm@bindingoffset=\dimen103
\Gm@wd@mp=\dimen104
\Gm@odd@mp=\dimen105
\Gm@even@mp=\dimen106
\Gm@layoutwidth=\dimen107
\Gm@layoutheight=\dimen108
\Gm@layouthoffset=\dimen109
\Gm@layoutvoffset=\dimen110
\Gm@dimlist=\toks15
)
(/usr/share/texmf/tex/latex/graphics/graphicx.sty
Package: graphicx 2014/10/28 v1.0g Enhanced LaTeX Graphics (DPC,SPQR)

(/usr/share/texmf/tex/latex/graphics/graphics.sty
Package: graphics 2017/04/14 v1.1b Standard LaTeX Graphics (DPC,SPQR)

(/usr/share/texmf/tex/latex/graphics/trig.sty
Package: trig 2016/01/03 v1.10 sin cos tan (DPC)
)
(/usr/share/texmf/tex/latex/graphics-cfg/graphics.cfg
File: graphics.cfg 2016/06/04 v1.11 sample graphics configuration
)
Package graphics Info: Driver file: pdftex.def on input line 99.

(/usr/share/texmf/tex/latex/graphics-def/pdftex.def
File: pdftex.def 2017/01/12 v0.06k Graphics/color for pdfTeX

(/usr/share/texmf/tex/generic/oberdiek/infwarerr.sty
Package: infwarerr 2016/05/16 v1.4 Providing info/warning/error messages (HO)
)
(/usr/share/texmf/tex/generic/oberdiek/ltxcmds.sty
Package: ltxcmds 2016/05/16 v1.23 LaTeX kernel commands for general use (HO)
)
\Gread@gobject=\count90
))
\Gin@req@height=\dimen111
\Gin@req@width=\dimen112
)
(/usr/share/texmf/tex/latex/hyperref/hyperref.sty
Package: hyperref 2017/03/14 v6.85a Hypertext links for LaTeX

(/usr/share/texmf/tex/generic/oberdiek/hobsub-hyperref.sty
Package: hobsub-hyperref 2016/05/16 v1.14 Bundle oberdiek, subset hyperref (HO)


(/usr/share/texmf/tex/generic/oberdiek/hobsub-generic.sty
Package: hobsub-generic 2016/05/16 v1.14 Bundle oberdiek, subset generic (HO)
Package: hobsub 2016/05/16 v1.14 Construct package bundles (HO)
Package hobsub Info: Skipping package `infwarerr' (already loaded).
Package hobsub Info: Skipping package `ltxcmds' (already loaded).
Package: ifluatex 2016/05/16 v1.4 Provides the ifluatex switch (HO)
Package ifluatex Info: LuaTeX not detected.
Package hobsub Info: Skipping package `ifvtex' (already loaded).
Package: intcalc 2016/05/16 v1.2 Expandable calculations with integers (HO)
Package hobsub Info: Skipping package `ifpdf' (already loaded).
Package: etexcmds 2016/05/16 v1.6 Avoid name clashes with e-TeX commands (HO)
Package etexcmds Info: Could not find \expanded.
(etexcmds)             That can mean that you are not using pdfTeX 1.50 or
(etexcmds)             that some package has redefined \expanded.
(etexcmds)             In the latter case, load this package earlier.
Package: kvsetkeys 2016/05/16 v1.17 Key value parser (HO)
Package: kvdefinekeys 2016/05/16 v1.4 Define keys (HO)
Package: pdftexcmds 2017/03/19 v0.25 Utility functions of pdfTeX for LuaTeX (HO
)
Package pdftexcmds Info: LuaTeX not detected.
Package pdftexcmds Info: \pdf@primitive is available.
Package pdftexcmds Info: \pdf@ifprimitive is available.
Package pdftexcmds Info: \pdfdraftmode found.
Package: pdfescape 2016/05/16 v1.14 Implements pdfTeX's escape features (HO)
Package: bigintcalc 2016/05/16 v1.4 Expandable calculations on big integers (HO
)
Package: bitset 2016/05/16 v1.2 Handle bit-vector datatype (HO)
Package: uniquecounter 2016/05/16 v1.3 Provide unlimited unique counter (HO)
)
Package hobsub Info: Skipping package `hobsub' (already loaded).
Package: letltxmacro 2016/05/16 v1.5 Let assignment for LaTeX macros (HO)
Package: hopatch 2016/05/16 v1.3 Wrapper for package hooks (HO)
Package: xcolor-patch 2016/05/16 xcolor patch
Package: atveryend 2016/05/16 v1.9 Hooks at the very end of document (HO)
Package atveryend Info: \enddocument detected (standard20110627).
Package: atbegshi 2016/06/09 v1.18 At begin shipout hook (HO)
Package: refcount 2016/05/16 v3.5 Data extraction from label references (HO)
Package: hycolor 2016/05/16 v1.8 Color options for hyperref/bookmark (HO)
)
(/usr/share/texmf/tex/latex/oberdiek/auxhook.sty
Package: auxhook 2016/05/16 v1.4 Hooks for auxiliary files (HO)
)
(/usr/share/texmf/tex/latex/oberdiek/kvoptions.sty
Package: kvoptions 2016/05/16 v3.12 Key value format for package options (HO)
)
\@linkdim=\dimen113
\Hy@linkcounter=\count91
\Hy@pagecounter=\count92

(/usr/share/texmf/tex/latex/hyperref/pd1enc.def
File: pd1enc.def 2017/03/14 v6.85a Hyperref: PDFDocEncoding definition (HO)
)
\Hy@SavedSpaceFactor=\count93

(/usr/share/texmf/tex/latex/latexconfig/hyperref.cfg
File: hyperref.cfg 2002/06/06 v1.2 hyperref configuration of TeXLive
)
Package hyperref Info: Hyper figures OFF on input line 4498.
Package hyperref Info: Link nesting OFF on input line 4503.
Package hyperref Info: Hyper index ON on input line 4506.
Package hyperref Info: Plain pages OFF on input line 4513.
Package hyperref Info: Backreferencing OFF on input line 4518.
Package hyperref Info: Implicit mode ON; LaTeX internals redefined.
Package hyperref Info: Bookmarks ON on input line 4751.
\c@Hy@tempcnt=\count94

(/usr/share/texmf/tex/latex/url/url.sty
\Urlmuskip=\muskip10
Package: url 2013/09/16  ver 3.4  Verb mode for urls, etc.
)
LaTeX Info: Redefining \url on input line 5104.
\XeTeXLinkMargin=\dimen114
\Fld@menulength=\count95
\Field@Width=\dimen115
\Fld@charsize=\dimen116
Package hyperref Info: Hyper figures OFF on input line 6358.
Package hyperref Info: Link nesting OFF on input line 6363.
Package hyperref Info: Hyper index ON on input line 6366.
Package hyperref Info: backreferencing OFF on input line 6373.
Package hyperref Info: Link coloring OFF on input line 6378.
Package hyperref Info: Link coloring with OCG OFF on input line 6383.
Package hyperref Info: PDF/A mode OFF on input line 6388.
LaTeX Info: Redefining \ref on input line 6428.
LaTeX Info: Redefining \pageref on input line 6432.
\Hy@abspage=\count96
\c@Item=\count97
\c@Hfootnote=\count98
)

Package hyperref Message: Driver (autodetected): hpdftex.

(/usr/share/texmf/tex/latex/hyperref/hpdftex.def
File: hpdftex.def 2017/03/14 v6.85a Hyperref driver for pdfTeX
\Fld@listcount=\count99
\c@bookmark@seq@number=\count100

(/usr/share/texmf/tex/latex/oberdiek/rerunfilecheck.sty
Package: rerunfilecheck 2016/05/16 v1.8 Rerun checks for auxiliary files (HO)
Package uniquecounter Info: New unique counter `rerunfilecheck' on input line 2
82.
)
\Hy@SectionHShift=\skip43
)
(/usr/share/texmf/tex/latex/multirow/multirow.sty
Package: multirow 2016/11/25 v2.2 Span multiple rows of a table
\multirow@colwidth=\skip44
\multirow@cntb=\count101
\multirow@dima=\skip45
\bigstrutjot=\dimen117
)
(/usr/share/texmf/tex/latex/tools/tabularx.sty
Package: tabularx 2016/02/03 v2.11 `tabularx' package (DPC)

(/usr/share/texmf/tex/latex/tools/array.sty
Package: array 2016/10/06 v2.4d Tabular extension package (FMi)
\col@sep=\dimen118
\extrarowheight=\dimen119
\NC@list=\toks16
\extratabsurround=\skip46
\backup@length=\skip47
)
\TX@col@width=\dimen120
\TX@old@table=\dimen121
\TX@old@col=\dimen122
\TX@target=\dimen123
\TX@delta=\dimen124
\TX@cols=\count102
\TX@ftn=\toks17
)
(/usr/share/texmf/tex/latex/graphics/color.sty
Package: color 2016/07/10 v1.1e Standard LaTeX Color (DPC)

(/usr/share/texmf/tex/latex/graphics-cfg/color.cfg
File: color.cfg 2016/01/02 v1.6 sample color configuration
)
Package color Info: Driver file: pdftex.def on input line 147.
)
(/usr/share/texmf/tex/latex/amsmath/amsmath.sty
Package: amsmath 2016/11/05 v2.16a AMS math features
\@mathmargin=\skip48

For additional information on amsmath, use the `?' option.
(/usr/share/texmf/tex/latex/amsmath/amstext.sty
Package: amstext 2000/06/29 v2.01 AMS text

(/usr/share/texmf/tex/latex/amsmath/amsgen.sty
File: amsgen.sty 1999/11/30 v2.0 generic functions
\@emptytoks=\toks18
\ex@=\dimen125
))
(/usr/share/texmf/tex/latex/amsmath/amsbsy.sty
Package: amsbsy 1999/11/29 v1.2d Bold Symbols
\pmbraise@=\dimen126
)
(/usr/share/texmf/tex/latex/amsmath/amsopn.sty
Package: amsopn 2016/03/08 v2.02 operator names
)
\inf@bad=\count103
LaTeX Info: Redefining \frac on input line 213.
\uproot@=\count104
\leftroot@=\count105
LaTeX Info: Redefining \overline on input line 375.
\classnum@=\count106
\DOTSCASE@=\count107
LaTeX Info: Redefining \ldots on input line 472.
LaTeX Info: Redefining \dots on input line 475.
LaTeX Info: Redefining \cdots on input line 596.
\Mathstrutbox@=\box26
\strutbox@=\box27
\big@size=\dimen127
LaTeX Font Info:    Redeclaring font encoding OML on input line 712.
LaTeX Font Info:    Redeclaring font encoding OMS on input line 713.
\macc@depth=\count108
\c@MaxMatrixCols=\count109
\dotsspace@=\muskip11
\c@parentequation=\count110
\dspbrk@lvl=\count111
\tag@help=\toks19
\row@=\count112
\column@=\count113
\maxfields@=\count114
\andhelp@=\toks20
\eqnshift@=\dimen128
\alignsep@=\dimen129
\tagshift@=\dimen130
\tagwidth@=\dimen131
\totwidth@=\dimen132
\lineht@=\dimen133
\@envbody=\toks21
\multlinegap=\skip49
\multlinetaggap=\skip50
\mathdisplay@stack=\toks22
LaTeX Info: Redefining \[ on input line 2817.
LaTeX Info: Redefining \] on input line 2818.
)
(/usr/share/texmf/tex/latex/amsfonts/amsfonts.sty
Package: amsfonts 2013/01/14 v3.01 Basic AMSFonts support
\symAMSa=\mathgroup4
\symAMSb=\mathgroup5
LaTeX Font Info:    Overwriting math alphabet `\mathfrak' in version `bold'
(Font)                  U/euf/m/n --> U/euf/b/n on input line 106.
)
(/usr/share/texmf/tex/latex/amsfonts/amssymb.sty
Package: amssymb 2013/01/14 v3.01 AMS font symbols
)
(/usr/share/texmf/tex/latex/base/textcomp.sty
Package: textcomp 2017/04/05 v2.0i Standard LaTeX package
Package textcomp Info: Sub-encoding information:
(textcomp)               5 = only ISO-Adobe without \textcurrency
(textcomp)               4 = 5 + \texteuro
(textcomp)               3 = 4 + \textohm
(textcomp)               2 = 3 + \textestimated + \textcurrency
(textcomp)               1 = TS1 - \textcircled - \t
(textcomp)               0 = TS1 (full)
(textcomp)             Font families with sub-encoding setting implement
(textcomp)             only a restricted character set as indicated.
(textcomp)             Family '?' is the default used for unknown fonts.
(textcomp)             See the documentation for details.
Package textcomp Info: Setting ? sub-encoding to TS1/1 on input line 79.

(/usr/share/texmf/tex/latex/base/ts1enc.def
File: ts1enc.def 2001/06/05 v3.0e (jk/car/fm) Standard LaTeX file
)
LaTeX Info: Redefining \oldstylenums on input line 334.
Package textcomp Info: Setting cmr sub-encoding to TS1/0 on input line 349.
Package textcomp Info: Setting cmss sub-encoding to TS1/0 on input line 350.
Package textcomp Info: Setting cmtt sub-encoding to TS1/0 on input line 351.
Package textcomp Info: Setting cmvtt sub-encoding to TS1/0 on input line 352.
Package textcomp Info: Setting cmbr sub-encoding to TS1/0 on input line 353.
Package textcomp Info: Setting cmtl sub-encoding to TS1/0 on input line 354.
Package textcomp Info: Setting ccr sub-encoding to TS1/0 on input line 355.
Package textcomp Info: Setting ptm sub-encoding to TS1/4 on input line 356.
Package textcomp Info: Setting pcr sub-encoding to TS1/4 on input line 357.
Package textcomp Info: Setting phv sub-encoding to TS1/4 on input line 358.
Package textcomp Info: Setting ppl sub-encoding to TS1/3 on input line 359.
Package textcomp Info: Setting pag sub-encoding to TS1/4 on input line 360.
Package textcomp Info: Setting pbk sub-encoding to TS1/4 on input line 361.
Package textcomp Info: Setting pnc sub-encoding to TS1/4 on input line 362.
Package textcomp Info: Setting pzc sub-encoding to TS1/4 on input line 363.
Package textcomp Info: Setting bch sub-encoding to TS1/4 on input line 364.
Package textcomp Info: Setting put sub-encoding to TS1/5 on input line 365.
Package textcomp Info: Setting uag sub-encoding to TS1/5 on input line 366.
Package textcomp Info: Setting ugq sub-encoding to TS1/5 on input line 367.
Package textcomp Info: Setting ul8 sub-encoding to TS1/4 on input line 368.
Package textcomp Info: Setting ul9 sub-encoding to TS1/4 on input line 369.
Package textcomp Info: Setting augie sub-encoding to TS1/5 on input line 370.
Package textcomp Info: Setting dayrom sub-encoding to TS1/3 on input line 371.
Package textcomp Info: Setting dayroms sub-encoding to TS1/3 on input line 372.

Package textcomp Info: Setting pxr sub-encoding to TS1/0 on input line 373.
Package textcomp Info: Setting pxss sub-encoding to TS1/0 on input line 374.
Package textcomp Info: Setting pxtt sub-encoding to TS1/0 on input line 375.
Package textcomp Info: Setting txr sub-encoding to TS1/0 on input line 376.
Package textcomp Info: Setting txss sub-encoding to TS1/0 on input line 377.
Package textcomp Info: Setting txtt sub-encoding to TS1/0 on input line 378.
Package textcomp Info: Setting lmr sub-encoding to TS1/0 on input line 379.
Package textcomp Info: Setting lmdh sub-encoding to TS1/0 on input line 380.
Package textcomp Info: Setting lmss sub-encoding to TS1/0 on input line 381.
Package textcomp Info: Setting lmssq sub-encoding to TS1/0 on input line 382.
Package textcomp Info: Setting lmvtt sub-encoding to TS1/0 on input line 383.
Package textcomp Info: Setting lmtt sub-encoding to TS1/0 on input line 384.
Package textcomp Info: Setting qhv sub-encoding to TS1/0 on input line 385.
Package textcomp Info: Setting qag sub-encoding to TS1/0 on input line 386.
Package textcomp Info: Setting qbk sub-encoding to TS1/0 on input line 387.
Package textcomp Info: Setting qcr sub-encoding to TS1/0 on input line 388.
Package textcomp Info: Setting qcs sub-encoding to TS1/0 on input line 389.
Package textcomp Info: Setting qpl sub-encoding to TS1/0 on input line 390.
Package textcomp Info: Setting qtm sub-encoding to TS1/0 on input line 391.
Package textcomp Info: Setting qzc sub-encoding to TS1/0 on input line 392.
Package textcomp Info: Setting qhvc sub-encoding to TS1/0 on input line 393.
Package textcomp Info: Setting futs sub-encoding to TS1/4 on input line 394.
Package textcomp Info: Setting futx sub-encoding to TS1/4 on input line 395.
Package textcomp Info: Setting futj sub-encoding to TS1/4 on input line 396.
Package textcomp Info: Setting hlh sub-encoding to TS1/3 on input line 397.
Package textcomp Info: Setting hls sub-encoding to TS1/3 on input line 398.
Package textcomp Info: Setting hlst sub-encoding to TS1/3 on input line 399.
Package textcomp Info: Setting hlct sub-encoding to TS1/5 on input line 400.
Package textcomp Info: Setting hlx sub-encoding to TS1/5 on input line 401.
Package textcomp Info: Setting hlce sub-encoding to TS1/5 on input line 402.
Package textcomp Info: Setting hlcn sub-encoding to TS1/5 on input line 403.
Package textcomp Info: Setting hlcw sub-encoding to TS1/5 on input line 404.
Package textcomp Info: Setting hlcf sub-encoding to TS1/5 on input line 405.
Package textcomp Info: Setting pplx sub-encoding to TS1/3 on input line 406.
Package textcomp Info: Setting pplj sub-encoding to TS1/3 on input line 407.
Package textcomp Info: Setting ptmx sub-encoding to TS1/4 on input line 408.
Package textcomp Info: Setting ptmj sub-encoding to TS1/4 on input line 409.
)
(/usr/share/texmf/tex/latex/was/gensymb.sty
Package: gensymb 2003/07/02 v1.0 (WaS)
)
(/usr/share/texmf/tex/latex/amsmath/amsxtra.sty
Package: amsxtra 1999/11/15 v1.2c AMS extra commands
LaTeX Info: Redefining \nobreakspace on input line 54.
)
(/usr/share/texmf/tex/latex/wasysym/wasysym.sty
Package: wasysym 2003/10/30 v2.0 Wasy-2 symbol support package
\symwasy=\mathgroup6
LaTeX Font Info:    Overwriting symbol font `wasy' in version `bold'
(Font)                  U/wasy/m/n --> U/wasy/b/n on input line 90.
)
(/usr/share/texmf/tex/latex/isomath/isomath.sty
Package: isomath 2012/09/04 v0.6.1 ISO math style

(/usr/share/texmf/tex/latex/was/fixmath.sty
Package: fixmath 2000/04/11 v0.9 (WaS)
LaTeX Font Info:    Redeclaring math symbol \Gamma on input line 27.
LaTeX Font Info:    Redeclaring math symbol \Delta on input line 28.
LaTeX Font Info:    Redeclaring math symbol \Theta on input line 29.
LaTeX Font Info:    Redeclaring math symbol \Lambda on input line 30.
LaTeX Font Info:    Redeclaring math symbol \Xi on input line 31.
LaTeX Font Info:    Redeclaring math symbol \Pi on input line 32.
LaTeX Font Info:    Redeclaring math symbol \Sigma on input line 33.
LaTeX Font Info:    Redeclaring math symbol \Upsilon on input line 34.
LaTeX Font Info:    Redeclaring math symbol \Phi on input line 35.
LaTeX Font Info:    Redeclaring math symbol \Psi on input line 36.
LaTeX Font Info:    Redeclaring math symbol \Omega on input line 37.
LaTeX Font Info:    Redeclaring math symbol \alpha on input line 38.
LaTeX Font Info:    Redeclaring math symbol \beta on input line 39.
LaTeX Font Info:    Redeclaring math symbol \gamma on input line 40.
LaTeX Font Info:    Redeclaring math symbol \delta on input line 41.
LaTeX Font Info:    Redeclaring math symbol \epsilon on input line 42.
LaTeX Font Info:    Redeclaring math symbol \zeta on input line 43.
LaTeX Font Info:    Redeclaring math symbol \eta on input line 44.
LaTeX Font Info:    Redeclaring math symbol \theta on input line 45.
LaTeX Font Info:    Redeclaring math symbol \iota on input line 46.
LaTeX Font Info:    Redeclaring math symbol \kappa on input line 47.
LaTeX Font Info:    Redeclaring math symbol \lambda on input line 48.
LaTeX Font Info:    Redeclaring math symbol \mu on input line 49.
LaTeX Font Info:    Redeclaring math symbol \nu on input line 50.
LaTeX Font Info:    Redeclaring math symbol \xi on input line 51.
LaTeX Font Info:    Redeclaring math symbol \pi on input line 52.
LaTeX Font Info:    Redeclaring math symbol \rho on input line 53.
LaTeX Font Info:    Redeclaring math symbol \sigma on input line 54.
LaTeX Font Info:    Redeclaring math symbol \tau on input line 55.
LaTeX Font Info:    Redeclaring math symbol \upsilon on input line 56.
LaTeX Font Info:    Redeclaring math symbol \phi on input line 57.
LaTeX Font Info:    Redeclaring math symbol \chi on input line 58.
LaTeX Font Info:    Redeclaring math symbol \psi on input line 59.
LaTeX Font Info:    Redeclaring math symbol \omega on input line 60.
LaTeX Font Info:    Redeclaring math symbol \varepsilon on input line 61.
LaTeX Font Info:    Redeclaring math symbol \vartheta on input line 62.
LaTeX Font Info:    Redeclaring math symbol \varpi on input line 63.
LaTeX Font Info:    Redeclaring math symbol \varphi on input line 64.
LaTeX Font Info:    Redeclaring math symbol \varrho on input line 65.
LaTeX Font Info:    Redeclaring math symbol \varsigma on input line 66.
))
(/usr/share/texmf/tex/latex/mathtools/mathtools.sty
Package: mathtools 2017/05/24 v1.19 mathematical typesetting tools

(/usr/share/texmf/tex/latex/tools/calc.sty
Package: calc 2014/10/28 v4.3 Infix arithmetic (KKT,FJ)
\calc@Acount=\count115
\calc@Bcount=\count116
\calc@Adimen=\dimen134
\calc@Bdimen=\dimen135
\calc@Askip=\skip51
\calc@Bskip=\skip52
LaTeX Info: Redefining \setlength on input line 80.
LaTeX Info: Redefining \addtolength on input line 81.
\calc@Ccount=\count117
\calc@Cskip=\skip53
)
(/usr/share/texmf/tex/latex/mathtools/mhsetup.sty
Package: mhsetup 2017/03/31 v1.3 programming setup (MH)
)
LaTeX Info: Thecontrolsequence`\('isalreadyrobust on input line 129.
LaTeX Info: Thecontrolsequence`\)'isalreadyrobust on input line 129.
LaTeX Info: Thecontrolsequence`\['isalreadyrobust on input line 129.
LaTeX Info: Thecontrolsequence`\]'isalreadyrobust on input line 129.
\g_MT_multlinerow_int=\count118
\l_MT_multwidth_dim=\dimen136
\origjot=\skip54
\l_MT_shortvdotswithinadjustabove_dim=\dimen137
\l_MT_shortvdotswithinadjustbelow_dim=\dimen138
\l_MT_above_intertext_sep=\dimen139
\l_MT_below_intertext_sep=\dimen140
\l_MT_above_shortintertext_sep=\dimen141
\l_MT_below_shortintertext_sep=\dimen142
)
(/usr/share/texmf/tex/latex/txfonts/txfonts.sty
Package: txfonts 2008/01/22 v3.2.1
LaTeX Font Info:    Redeclaring symbol font `operators' on input line 21.
LaTeX Font Info:    Overwriting symbol font `operators' in version `normal'
(Font)                  OT1/cmr/m/n --> OT1/txr/m/n on input line 21.
LaTeX Font Info:    Overwriting symbol font `operators' in version `bold'
(Font)                  OT1/cmr/bx/n --> OT1/txr/m/n on input line 21.
LaTeX Font Info:    Overwriting symbol font `operators' in version `bold'
(Font)                  OT1/txr/m/n --> OT1/txr/bx/n on input line 22.
\symitalic=\mathgroup7
LaTeX Font Info:    Overwriting symbol font `italic' in version `bold'
(Font)                  OT1/txr/m/it --> OT1/txr/bx/it on input line 26.
LaTeX Font Info:    Redeclaring math alphabet \mathbf on input line 29.
LaTeX Font Info:    Overwriting math alphabet `\mathbf' in version `normal'
(Font)                  OT1/cmr/bx/n --> OT1/txr/bx/n on input line 29.
LaTeX Font Info:    Overwriting math alphabet `\mathbf' in version `bold'
(Font)                  OT1/cmr/bx/n --> OT1/txr/bx/n on input line 29.
LaTeX Font Info:    Redeclaring math alphabet \mathit on input line 30.
LaTeX Font Info:    Overwriting math alphabet `\mathit' in version `normal'
(Font)                  OT1/cmr/m/it --> OT1/txr/m/it on input line 30.
LaTeX Font Info:    Overwriting math alphabet `\mathit' in version `bold'
(Font)                  OT1/cmr/bx/it --> OT1/txr/m/it on input line 30.
LaTeX Font Info:    Overwriting math alphabet `\mathit' in version `bold'
(Font)                  OT1/txr/m/it --> OT1/txr/bx/it on input line 31.
LaTeX Font Info:    Redeclaring math alphabet \mathsf on input line 40.
LaTeX Font Info:    Overwriting math alphabet `\mathsf' in version `normal'
(Font)                  OT1/cmss/m/n --> OT1/txss/m/n on input line 40.
LaTeX Font Info:    Overwriting math alphabet `\mathsf' in version `bold'
(Font)                  OT1/cmss/bx/n --> OT1/txss/m/n on input line 40.
LaTeX Font Info:    Overwriting math alphabet `\mathsf' in version `bold'
(Font)                  OT1/txss/m/n --> OT1/txss/b/n on input line 41.
LaTeX Font Info:    Redeclaring math alphabet \mathtt on input line 50.
LaTeX Font Info:    Overwriting math alphabet `\mathtt' in version `normal'
(Font)                  OT1/cmtt/m/n --> OT1/txtt/m/n on input line 50.
LaTeX Font Info:    Overwriting math alphabet `\mathtt' in version `bold'
(Font)                  OT1/cmtt/m/n --> OT1/txtt/m/n on input line 50.
LaTeX Font Info:    Overwriting math alphabet `\mathtt' in version `bold'
(Font)                  OT1/txtt/m/n --> OT1/txtt/b/n on input line 51.
LaTeX Font Info:    Redeclaring symbol font `letters' on input line 58.
LaTeX Font Info:    Overwriting symbol font `letters' in version `normal'
(Font)                  OML/cmm/m/it --> OML/txmi/m/it on input line 58.
LaTeX Font Info:    Overwriting symbol font `letters' in version `bold'
(Font)                  OML/cmm/b/it --> OML/txmi/m/it on input line 58.
LaTeX Font Info:    Overwriting symbol font `letters' in version `bold'
(Font)                  OML/txmi/m/it --> OML/txmi/bx/it on input line 59.
\symlettersA=\mathgroup8
LaTeX Font Info:    Overwriting symbol font `lettersA' in version `bold'
(Font)                  U/txmia/m/it --> U/txmia/bx/it on input line 67.
LaTeX Font Info:    Redeclaring math alphabet \mathfrak on input line 70.
LaTeX Font Info:    Redeclaring symbol font `symbols' on input line 77.
LaTeX Font Info:    Overwriting symbol font `symbols' in version `normal'
(Font)                  OMS/cmsy/m/n --> OMS/txsy/m/n on input line 77.
LaTeX Font Info:    Overwriting symbol font `symbols' in version `bold'
(Font)                  OMS/cmsy/b/n --> OMS/txsy/m/n on input line 77.
LaTeX Font Info:    Overwriting symbol font `symbols' in version `bold'
(Font)                  OMS/txsy/m/n --> OMS/txsy/bx/n on input line 78.
LaTeX Font Info:    Redeclaring symbol font `AMSa' on input line 93.
LaTeX Font Info:    Overwriting symbol font `AMSa' in version `normal'
(Font)                  U/msa/m/n --> U/txsya/m/n on input line 93.
LaTeX Font Info:    Overwriting symbol font `AMSa' in version `bold'
(Font)                  U/msa/m/n --> U/txsya/m/n on input line 93.
LaTeX Font Info:    Overwriting symbol font `AMSa' in version `bold'
(Font)                  U/txsya/m/n --> U/txsya/bx/n on input line 94.
LaTeX Font Info:    Redeclaring symbol font `AMSb' on input line 102.
LaTeX Font Info:    Overwriting symbol font `AMSb' in version `normal'
(Font)                  U/msb/m/n --> U/txsyb/m/n on input line 102.
LaTeX Font Info:    Overwriting symbol font `AMSb' in version `bold'
(Font)                  U/msb/m/n --> U/txsyb/m/n on input line 102.
LaTeX Font Info:    Overwriting symbol font `AMSb' in version `bold'
(Font)                  U/txsyb/m/n --> U/txsyb/bx/n on input line 103.
\symsymbolsC=\mathgroup9
LaTeX Font Info:    Overwriting symbol font `symbolsC' in version `bold'
(Font)                  U/txsyc/m/n --> U/txsyc/bx/n on input line 113.
LaTeX Font Info:    Redeclaring symbol font `largesymbols' on input line 120.
LaTeX Font Info:    Overwriting symbol font `largesymbols' in version `normal'
(Font)                  OMX/cmex/m/n --> OMX/txex/m/n on input line 120.
LaTeX Font Info:    Overwriting symbol font `largesymbols' in version `bold'
(Font)                  OMX/cmex/m/n --> OMX/txex/m/n on input line 120.
LaTeX Font Info:    Overwriting symbol font `largesymbols' in version `bold'
(Font)                  OMX/txex/m/n --> OMX/txex/bx/n on input line 121.
\symlargesymbolsA=\mathgroup10
LaTeX Font Info:    Overwriting symbol font `largesymbolsA' in version `bold'
(Font)                  U/txexa/m/n --> U/txexa/bx/n on input line 129.
LaTeX Info: Redefining \not on input line 1043.
)
(/usr/share/texmf/tex/latex/was/upgreek.sty
Package: upgreek 2003/02/12 v2.0 (WaS)
Package upgreek Info: Using Euler Roman for upright Greek on input line 31.
\symugrf@m=\mathgroup11
LaTeX Font Info:    Overwriting symbol font `ugrf@m' in version `bold'
(Font)                  U/eur/m/n --> U/eur/b/n on input line 38.
)
(/usr/share/texmf/tex/latex/tools/enumerate.sty
Package: enumerate 2015/07/23 v3.00 enumerate extensions (DPC)
\@enLab=\toks23
)
(/usr/share/texmf/tex/latex/tensor/tensor.sty
Package: tensor 2004/12/20 v2.1 tensor indices package (PGR)
\tnsr@Sps=\toks24
\tnsr@Sbs=\toks25
\tnsr@Spe=\toks26
\tnsr@Sbe=\toks27
\ncld@Mno=\toks28
)
(/usr/share/texmf/tex/latex/psnfss/pifont.sty
Package: pifont 2005/04/12 PSNFSS-v9.2a Pi font support (SPQR) 
LaTeX Font Info:    Try loading font information for U+pzd on input line 63.

(/usr/share/texmf/tex/latex/psnfss/upzd.fd
File: upzd.fd 2001/06/04 font definitions for U/pzd.
)
LaTeX Font Info:    Try loading font information for U+psy on input line 64.

(/usr/share/texmf/tex/latex/psnfss/upsy.fd
File: upsy.fd 2001/06/04 font definitions for U/psy.
))
(/usr/share/texmf/tex/latex/titlesec/titlesec.sty
Package: titlesec 2016/03/21 v2.10.2 Sectioning titles
\ttl@box=\box28
\beforetitleunit=\skip55
\aftertitleunit=\skip56
\ttl@plus=\dimen143
\ttl@minus=\dimen144
\ttl@toksa=\toks29
\titlewidth=\dimen145
\titlewidthlast=\dimen146
\titlewidthfirst=\dimen147
)
(/usr/share/texmf/tex/generic/babel/babel.sty
Package: babel 2017/05/19 3.10 The Babel package

(/usr/share/texmf/tex/generic/babel-english/english.ldf
Language: english 2017/06/06 v3.3r English support from the babel system

(/usr/share/texmf/tex/generic/babel/babel.def
File: babel.def 2017/05/19 3.10 Babel common definitions
\babel@savecnt=\count119
\U@D=\dimen148
)
\l@canadian = a dialect from \language\l@american 
\l@australian = a dialect from \language\l@british 
\l@newzealand = a dialect from \language\l@british 
))
(/usr/share/texmf/tex/latex/base/inputenc.sty
Package: inputenc 2015/03/17 v1.2c Input encoding file
\inpenc@prehook=\toks30
\inpenc@posthook=\toks31

(/usr/share/texmf/tex/latex/ucs/utf8x.def
File: utf8x.def 2004/10/17 UCS: Input encoding UTF-8
))
(/usr/share/texmf/tex/latex/ucs/ucs.sty
Package: ucs 2013/05/11 v2.2 UCS: Unicode input support

(/usr/share/texmf/tex/latex/ucs/data/uni-global.def
File: uni-global.def 2013/05/13 UCS: Unicode global data
)
\uc@secondtry=\count120
\uc@combtoks=\toks32
\uc@combtoksb=\toks33
\uc@temptokena=\toks34
)
(/usr/share/texmf/tex/latex/base/fontenc.sty
Package: fontenc 2017/04/05 v2.0i Standard LaTeX package

(/usr/share/texmf/tex/latex/base/t1enc.def
File: t1enc.def 2017/04/05 v2.0i Standard LaTeX file
LaTeX Font Info:    Redeclaring font encoding T1 on input line 48.
))
(/usr/share/texmf/tex/latex/fancyhdr/fancyhdr.sty
Package: fancyhdr 2016/10/11 v3.9 Extensive control of page headers and footers

\f@nch@headwidth=\skip57
\f@nch@O@elh=\skip58
\f@nch@O@erh=\skip59
\f@nch@O@olh=\skip60
\f@nch@O@orh=\skip61
\f@nch@O@elf=\skip62
\f@nch@O@erf=\skip63
\f@nch@O@olf=\skip64
\f@nch@O@orf=\skip65
)
(/usr/share/texmf/tex/latex/caption/subcaption.sty
Package: subcaption 2016/05/22 v1.1-161 Sub-captions (AR)

(/usr/share/texmf/tex/latex/caption/caption.sty
Package: caption 2016/02/21 v3.3-144 Customizing captions (AR)

(/usr/share/texmf/tex/latex/caption/caption3.sty
Package: caption3 2016/05/22 v1.7-166 caption3 kernel (AR)
Package caption3 Info: TeX engine: e-TeX on input line 67.
\captionmargin=\dimen149
\captionmargin@=\dimen150
\captionwidth=\dimen151
\caption@tempdima=\dimen152
\caption@indent=\dimen153
\caption@parindent=\dimen154
\caption@hangindent=\dimen155
)
\c@ContinuedFloat=\count121
Package caption Info: hyperref package is loaded.
)
\c@subfigure=\count122
\c@subtable=\count123
)
(/usr/share/texmf/tex/generic/ulem/ulem.sty
\UL@box=\box29
\UL@hyphenbox=\box30
\UL@skip=\skip66
\UL@hook=\toks35
\UL@height=\dimen156
\UL@pe=\count124
\UL@pixel=\dimen157
\ULC@box=\box31
Package: ulem 2012/05/18
\ULdepth=\dimen158
)
(/usr/share/texmf/tex/latex/tools/afterpage.sty
Package: afterpage 2014/10/28 v1.08 After-Page Package (DPC)
\AP@output=\toks36
\AP@partial=\box32
\AP@footins=\box33
) (./wrapfig.sty
\wrapoverhang=\dimen159
\WF@size=\dimen160
\c@WF@wrappedlines=\count125
\WF@box=\box34
\WF@everypar=\toks37
Package: wrapfig 2003/01/31  v 3.6
)
(./endfloat.sty
Package: endfloat 1995/10/11 v2.4i LaTeX2e package puts figures and tables at e
nd (jdm)


Package endfloat Warning: Unknown option `printfigures' on input line 95.

\c@postfig=\count126
\efloat@postfff=\write3
\@ef@fffopen=\count127
\c@posttbl=\count128
\efloat@postttt=\write4
\@ef@tttopen=\count129
) (./paper_gbr2d.aux)
\openout1 = `paper_gbr2d.aux'.

LaTeX Font Info:    Checking defaults for OML/txmi/m/it on input line 85.
LaTeX Font Info:    Try loading font information for OML+txmi on input line 85.

 (/usr/share/texmf/tex/latex/txfonts/omltxmi.fd
File: omltxmi.fd 2000/12/15 v3.1
)
LaTeX Font Info:    ... okay on input line 85.
LaTeX Font Info:    Checking defaults for T1/cmr/m/n on input line 85.
LaTeX Font Info:    ... okay on input line 85.
LaTeX Font Info:    Checking defaults for OT1/cmr/m/n on input line 85.
LaTeX Font Info:    ... okay on input line 85.
LaTeX Font Info:    Checking defaults for OMS/txsy/m/n on input line 85.
LaTeX Font Info:    Try loading font information for OMS+txsy on input line 85.


(/usr/share/texmf/tex/latex/txfonts/omstxsy.fd
File: omstxsy.fd 2000/12/15 v3.1
)
LaTeX Font Info:    ... okay on input line 85.
LaTeX Font Info:    Checking defaults for OMX/txex/m/n on input line 85.
LaTeX Font Info:    Try loading font information for OMX+txex on input line 85.


(/usr/share/texmf/tex/latex/txfonts/omxtxex.fd
File: omxtxex.fd 2000/12/15 v3.1
)
LaTeX Font Info:    ... okay on input line 85.
LaTeX Font Info:    Checking defaults for U/txexa/m/n on input line 85.
LaTeX Font Info:    Try loading font information for U+txexa on input line 85.

(/usr/share/texmf/tex/latex/txfonts/utxexa.fd
File: utxexa.fd 2000/12/15 v3.1
)
LaTeX Font Info:    ... okay on input line 85.
LaTeX Font Info:    Checking defaults for PD1/pdf/m/n on input line 85.
LaTeX Font Info:    ... okay on input line 85.
LaTeX Font Info:    Checking defaults for TS1/cmr/m/n on input line 85.
LaTeX Font Info:    Try loading font information for TS1+cmr on input line 85.

(/usr/share/texmf/tex/latex/base/ts1cmr.fd
File: ts1cmr.fd 2014/09/29 v2.5h Standard LaTeX font definitions
)
LaTeX Font Info:    ... okay on input line 85.
LaTeX Font Info:    Try loading font information for T1+txr on input line 85.

(/usr/share/texmf/tex/latex/txfonts/t1txr.fd
File: t1txr.fd 2000/12/15 v3.1
)
*geometry* driver: auto-detecting
*geometry* detected driver: pdftex
*geometry* verbose mode - [ preamble ] result:
* driver: pdftex
* paper: a4paper
* layout: <same size as paper>
* layoutoffset:(h,v)=(0.0pt,0.0pt)
* modes: 
* h-part:(L,W,R)=(71.13188pt, 455.24411pt, 71.13188pt)
* v-part:(T,H,B)=(71.13188pt, 702.78308pt, 71.13188pt)
* \paperwidth=597.50787pt
* \paperheight=845.04684pt
* \textwidth=455.24411pt
* \textheight=702.78308pt
* \oddsidemargin=-1.1381pt
* \evensidemargin=-1.1381pt
* \topmargin=-38.1381pt
* \headheight=12.0pt
* \headsep=25.0pt
* \topskip=12.0pt
* \footskip=30.0pt
* \marginparwidth=49.79231pt
* \marginparsep=10.0pt
* \columnsep=10.0pt
* \skip\footins=10.8pt plus 4.0pt minus 2.0pt
* \hoffset=0.0pt
* \voffset=0.0pt
* \mag=1000
* \@twocolumnfalse
* \@twosidefalse
* \@mparswitchfalse
* \@reversemarginfalse
* (1in=72.27pt=25.4mm, 1cm=28.453pt)

(/usr/share/texmf/tex/context/base/mkii/supp-pdf.mkii
[Loading MPS to PDF converter (version 2006.09.02).]
\scratchcounter=\count130
\scratchdimen=\dimen161
\scratchbox=\box35
\nofMPsegments=\count131
\nofMParguments=\count132
\everyMPshowfont=\toks38
\MPscratchCnt=\count133
\MPscratchDim=\dimen162
\MPnumerator=\count134
\makeMPintoPDFobject=\count135
\everyMPtoPDFconversion=\toks39
) (/usr/share/texmf/tex/latex/oberdiek/epstopdf-base.sty
Package: epstopdf-base 2016/05/15 v2.6 Base part for package epstopdf

(/usr/share/texmf/tex/latex/oberdiek/grfext.sty
Package: grfext 2016/05/16 v1.2 Manage graphics extensions (HO)
)
Package epstopdf-base Info: Redefining graphics rule for `.eps' on input line 4
38.
Package grfext Info: Graphics extension search list:
(grfext)             [.png,.pdf,.jpg,.mps,.jpeg,.jbig2,.jb2,.PNG,.PDF,.JPG,.JPE
G,.JBIG2,.JB2,.eps]
(grfext)             \AppendGraphicsExtensions on input line 456.

(/usr/share/texmf/tex/latex/latexconfig/epstopdf-sys.cfg
File: epstopdf-sys.cfg 2010/07/13 v1.3 Configuration of (r)epstopdf for TeX Liv
e
))
\AtBeginShipoutBox=\box36
Package hyperref Info: Link coloring OFF on input line 85.

(/usr/share/texmf/tex/latex/hyperref/nameref.sty
Package: nameref 2016/05/21 v2.44 Cross-referencing by name of section

(/usr/share/texmf/tex/generic/oberdiek/gettitlestring.sty
Package: gettitlestring 2016/05/16 v1.5 Cleanup title references (HO)
)
\c@section@level=\count136
)
LaTeX Info: Redefining \ref on input line 85.
LaTeX Info: Redefining \pageref on input line 85.
LaTeX Info: Redefining \nameref on input line 85.
 (./paper_gbr2d.out) (./paper_gbr2d.out)
\@outlinefile=\write5
\openout5 = `paper_gbr2d.out'.

\symgns@font=\mathgroup12
LaTeX Font Info:    Overwriting symbol font `gns@font' in version `bold'
(Font)                  TS1/txr/m/n --> TS1/txr/bx/n on input line 85.
Package gensymb Info: Math companion symbols declared on input line 85.
LaTeX Info: Redefining \degree on input line 85.
LaTeX Info: Redefining \celsius on input line 85.
Package gensymb Info: Using text companion symbols for \degree, \celsius and \p
erthousand on input line 85.
LaTeX Info: Redefining \ohm on input line 85.
Package gensymb Info: Using \textohm for \ohm on input line 85.
Package gensymb Info: Using \textmu for \micro on input line 85.
 (/usr/share/texmf/tex/latex/ucs/ucsencs.def
File: ucsencs.def 2011/01/21 Fixes to fontencodings LGR, T3
)
Package caption Info: Begin \AtBeginDocument code.
Package caption Info: wrapfig package is loaded.
Package caption Info: End \AtBeginDocument code.
LaTeX Font Info:    Try loading font information for OT1+txr on input line 90.

(/usr/share/texmf/tex/latex/txfonts/ot1txr.fd
File: ot1txr.fd 2000/12/15 v3.1
)
LaTeX Font Info:    Try loading font information for U+txsya on input line 90.

(/usr/share/texmf/tex/latex/txfonts/utxsya.fd
File: utxsya.fd 2000/12/15 v3.1
)
LaTeX Font Info:    Try loading font information for U+txsyb on input line 90.

(/usr/share/texmf/tex/latex/txfonts/utxsyb.fd
File: utxsyb.fd 2000/12/15 v3.1
)
LaTeX Font Info:    Try loading font information for U+wasy on input line 90.

(/usr/share/texmf/tex/latex/wasysym/uwasy.fd
File: uwasy.fd 2003/10/30 v2.0 Wasy-2 symbol font definitions
)
LaTeX Font Info:    Try loading font information for U+txmia on input line 90.

(/usr/share/texmf/tex/latex/txfonts/utxmia.fd
File: utxmia.fd 2000/12/15 v3.1
)
LaTeX Font Info:    Try loading font information for U+txsyc on input line 90.

(/usr/share/texmf/tex/latex/txfonts/utxsyc.fd
File: utxsyc.fd 2000/12/15 v3.1
)
LaTeX Font Info:    Try loading font information for TS1+txr on input line 90.

(/usr/share/texmf/tex/latex/txfonts/ts1txr.fd
File: ts1txr.fd 2000/12/15 v3.1
) (./paper_gbr2d.toc)
\tf@toc=\write6
\openout6 = `paper_gbr2d.toc'.

 [1

{/var/lib/texmf/fonts/map/pdftex/updmap/pdftex.map}]
Underfull \hbox (badness 10000) in paragraph at lines 102--103

 []

\openout3 = `paper_gbr2d.fff'.

(paper_gbr2d.fff)
Underfull \hbox (badness 10000) in paragraph at lines 126--128

 []

[2]
Underfull \hbox (badness 10000) in paragraph at lines 144--145

 []


Underfull \hbox (badness 10000) in paragraph at lines 151--152

 []


Underfull \hbox (badness 10000) in paragraph at lines 156--158

 []

[3]
Underfull \hbox (badness 10000) in paragraph at lines 162--166

 []

[4]
Overfull \hbox (8.31514pt too wide) in paragraph at lines 193--194
[]\T1/txr/m/n/12 The non-hydrostatic (non-Boussinesq) ver-sion of the CROCO com
-mu-nity ocean model (CROCO-
 []


Underfull \hbox (badness 10000) in paragraph at lines 195--196

 []

[5]
Underfull \hbox (badness 10000) in paragraph at lines 246--247

 []

[6]
Underfull \hbox (badness 10000) in paragraph at lines 338--339

 []

\openout4 = `paper_gbr2d.ttt'.

(paper_gbr2d.ttt) [7] [8]
Underfull \hbox (badness 10000) in paragraph at lines 489--490

 []

[9] (/usr/share/texmf/tex/latex/ucs/data/uni-0.def
File: uni-0.def 2013/05/13 UCS: Unicode data U+0000..U+00FF
) [10]
Underfull \hbox (badness 10000) in paragraph at lines 590--591

 []


Overfull \hbox (11.39987pt too wide) in paragraph at lines 636--637
[]\T1/txr/m/n/12 Figure []8[].b is a space-time di-a-gram of the ver-ti-cal dis
-place-ment of the isopy-c-nal sur-face $\OMS/txsy/m/n/12 ^^@\OT1/txr/m/n/12 0\
OML/txmi/m/it/12 :\OT1/txr/m/n/12 5 \OML/txmi/m/it/12 kg=m[]$
 []

[11] [12] [13]
Underfull \hbox (badness 10000) in paragraph at lines 713--714

 []


Underfull \hbox (badness 10000) in paragraph at lines 731--732

 []

[14] [15] [16] [17] [18] [19] [20

] (./paper_gbr2d.bbl [21]
(/usr/share/texmf/tex/latex/ucs/data/uni-32.def
File: uni-32.def 2013/05/13 UCS: Unicode data U+2000..U+20FF
))
AED endfloat: Processing end Figures and Tables [22] (./paper_gbr2d.lof
Overfull \hbox (7.49994pt too wide) in paragraph at lines 17--17
 [][] [][]\T1/txr/m/n/12 XZ-Vorticity (s$[]$) and isopy-c-nals (kg/m$[]$) for \
T1/txr/bx/n/12 Sim-Ref \T1/txr/m/n/12 (a, 220 m non-hydrostatic), 
 []

[23


])
\tf@lof=\write7
\openout7 = `paper_gbr2d.lof'.

 [24] (./paper_gbr2d.fff
<schema_echange.png, id=462, 796.49147pt x 454.92064pt>
File: schema_echange.png Graphic file (type png)

<use schema_echange.png>
Package pdftex.def Info: schema_echange.png used on input line 4.
(pdftex.def)             Requested size: 232.17198pt x 132.60387pt.
 [25 <./schema_echange.png>]
<bathy3d+Rr3d.png, id=470, 1492.0258pt x 843.9271pt>
File: bathy3d+Rr3d.png Graphic file (type png)
 <use bathy3d+Rr3d.png>
Package pdftex.def Info: bathy3d+Rr3d.png used on input line 14.
(pdftex.def)             Requested size: 455.24411pt x 257.49396pt.

[26


 <./bathy3d+Rr3d.png (PNG copy)>]
<profil_LEx.png, id=475, 432.84291pt x 648.87581pt>
File: profil_LEx.png Graphic file (type png)
 <use profil_LEx.png>
Package pdftex.def Info: profil_LEx.png used on input line 24.
(pdftex.def)             Requested size: 273.14923pt x 409.49689pt.

[27 <./profil_LEx.png (PNG copy)>]
<stratif_corio_vs_nocorio.png, id=480, 1492.0258pt x 843.9271pt>
File: stratif_corio_vs_nocorio.png Graphic file (type png)

<use stratif_corio_vs_nocorio.png>
Package pdftex.def Info: stratif_corio_vs_nocorio.png used on input line 33.
(pdftex.def)             Requested size: 455.24411pt x 257.49396pt.
 [28 <./stratif_corio_vs_nocorio.png (PNG copy)>] <UV_CS_3T_ref.png, id=487, 74
9.89839pt x 591.37065pt>
File: UV_CS_3T_ref.png Graphic file (type png)

<use UV_CS_3T_ref.png>
Package pdftex.def Info: UV_CS_3T_ref.png used on input line 44.
(pdftex.def)             Requested size: 455.24411pt x 359.01207pt.
 [29 <./UV_CS_3T_ref.png (PNG copy)>]
<Fn_1-2_ref_3T.png, id=497, 1492.0258pt x 641.10484pt>
File: Fn_1-2_ref_3T.png Graphic file (type png)
 <use Fn_1-2_ref_3T.png>
Package pdftex.def Info: Fn_1-2_ref_3T.png used on input line 54.
(pdftex.def)             Requested size: 455.24411pt x 195.61006pt.

[30




 <./Fn_1-2_ref_3T.png (PNG copy)>]
<RW_J4_9h12_ref.png, id=504, 819.8371pt x 491.90225pt>
File: RW_J4_9h12_ref.png Graphic file (type png)

<use RW_J4_9h12_ref.png>
Package pdftex.def Info: RW_J4_9h12_ref.png used on input line 63.
(pdftex.def)             Requested size: 227.62206pt x 136.56828pt.

<RW_J4_10h36_ressautebb.png, id=505, 820.6142pt x 489.57097pt>
File: RW_J4_10h36_ressautebb.png Graphic file (type png)

<use RW_J4_10h36_ressautebb.png>
Package pdftex.def Info: RW_J4_10h36_ressautebb.png used on input line 67.
(pdftex.def)             Requested size: 227.62206pt x 135.79405pt.

Overfull \hbox (6.84pt too wide) in paragraph at lines 62--70
[]$[]$   $[]$ 
 []

<RW_J4_11h36_deferl.png, id=506, 820.6142pt x 488.79387pt>
File: RW_J4_11h36_deferl.png Graphic file (type png)

<use RW_J4_11h36_deferl.png>
Package pdftex.def Info: RW_J4_11h36_deferl.png used on input line 72.
(pdftex.def)             Requested size: 227.62206pt x 135.5785pt.

<RW_J4_13h_gen_mod1.png, id=507, 819.8371pt x 488.79387pt>
File: RW_J4_13h_gen_mod1.png Graphic file (type png)

<use RW_J4_13h_gen_mod1.png>
Package pdftex.def Info: RW_J4_13h_gen_mod1.png used on input line 77.
(pdftex.def)             Requested size: 227.62206pt x 135.70529pt.

Overfull \hbox (6.84pt too wide) in paragraph at lines 71--80
[]$[]$   $[]$ 
 []

[31

 <./RW_J4_9h12_ref.png (PNG copy)> <./RW_J4_10h36_ressautebb.png (PNG copy)> <.
/RW_J4_11h36_deferl.png (PNG copy)> <./RW_J4_13h_gen_mod1.png (PNG copy)>]
<hov_ref_-05.png, id=513, 1492.0258pt x 843.9271pt>
File: hov_ref_-05.png Graphic file (type png)
 <use hov_ref_-05.png>
Package pdftex.def Info: hov_ref_-05.png used on input line 90.
(pdftex.def)             Requested size: 455.24411pt x 257.49396pt.

<RW_J4_9h12-15h48.png, id=514, 1492.0258pt x 738.24193pt>
File: RW_J4_9h12-15h48.png Graphic file (type png)

<use RW_J4_9h12-15h48.png>
Package pdftex.def Info: RW_J4_9h12-15h48.png used on input line 95.
(pdftex.def)             Requested size: 455.24411pt x 225.24794pt.
 [32 <./hov_ref_-05.png (PNG copy)> <./RW_J4_9h12-15h48.png (PNG copy)>] <exp_k
dv_75-8T.png, id=521, 1492.0258pt x 476.36032pt>
File: exp_kdv_75-8T.png Graphic file (type png)

<use exp_kdv_75-8T.png>
Package pdftex.def Info: exp_kdv_75-8T.png used on input line 105.
(pdftex.def)             Requested size: 455.24411pt x 145.3442pt.
 [33


 <./exp_kdv_75-8T.png (PNG copy)>]
<sat_2dref_20042016_zoom.png, id=526, 1071.61646pt x 769.3258pt>
File: sat_2dref_20042016_zoom.png Graphic file (type png)

<use sat_2dref_20042016_zoom.png>
Package pdftex.def Info: sat_2dref_20042016_zoom.png used on input line 114.
(pdftex.def)             Requested size: 204.85846pt x 147.06558pt.
 [34

 <./sat_2dref_20042016_zoom.png>]
<hov_p-05_CS.png, id=532, 1492.0258pt x 626.34pt>
File: hov_p-05_CS.png Graphic file (type png)
 <use hov_p-05_CS.png>
Package pdftex.def Info: hov_p-05_CS.png used on input line 123.
(pdftex.def)             Requested size: 455.24411pt x 191.10509pt.

[35 <./hov_p-05_CS.png (PNG copy)>]
<w_it515_modes_CS.png, id=539, 1492.0258pt x 512.88387pt>
File: w_it515_modes_CS.png Graphic file (type png)

<use w_it515_modes_CS.png>
Package pdftex.def Info: w_it515_modes_CS.png used on input line 132.
(pdftex.def)             Requested size: 455.24411pt x 156.48804pt.
 [36


 <./w_it515_modes_CS.png (PNG copy)>]
<RW_j4_9h12_spring.png, id=544, 819.8371pt x 491.90225pt>
File: RW_j4_9h12_spring.png Graphic file (type png)

<use RW_j4_9h12_spring.png>
Package pdftex.def Info: RW_j4_9h12_spring.png used on input line 142.
(pdftex.def)             Requested size: 204.85846pt x 122.9152pt.

<CV_train_spring.png, id=545, 819.8371pt x 491.90225pt>
File: CV_train_spring.png Graphic file (type png)

<use CV_train_spring.png>
Package pdftex.def Info: CV_train_spring.png used on input line 147.
(pdftex.def)             Requested size: 204.85846pt x 122.9152pt.
 [37

 <./RW_j4_9h12_spring.png (PNG copy)> <./CV_train_spring.png (PNG copy)>]
<RW_J3_21h_50mtvd.png, id=551, 819.8371pt x 491.90225pt>
File: RW_J3_21h_50mtvd.png Graphic file (type png)

<use RW_J3_21h_50mtvd.png>
Package pdftex.def Info: RW_J3_21h_50mtvd.png used on input line 158.
(pdftex.def)             Requested size: 227.62206pt x 136.56828pt.

<RW_J4_7h15train_50mtvd.png, id=552, 818.2829pt x 490.34807pt>
File: RW_J4_7h15train_50mtvd.png Graphic file (type png)

<use RW_J4_7h15train_50mtvd.png>
Package pdftex.def Info: RW_J4_7h15train_50mtvd.png used on input line 163.
(pdftex.def)             Requested size: 227.62206pt x 136.39867pt.

Overfull \hbox (6.84pt too wide) in paragraph at lines 157--166
[]$[]$   $[]$ 
 []

<NrhoTZ_50mNH_5785.png, id=553, 1492.0258pt x 517.54645pt>
File: NrhoTZ_50mNH_5785.png Graphic file (type png)

<use NrhoTZ_50mNH_5785.png>
Package pdftex.def Info: NrhoTZ_50mNH_5785.png used on input line 168.
(pdftex.def)             Requested size: 455.24411pt x 157.91066pt.

<NrhoTZ_50mNH_535.png, id=554, 1492.0258pt x 411.8613pt>
File: NrhoTZ_50mNH_535.png Graphic file (type png)

<use NrhoTZ_50mNH_535.png>
Package pdftex.def Info: NrhoTZ_50mNH_535.png used on input line 173.
(pdftex.def)             Requested size: 455.24411pt x 125.66464pt.
 [38 <./RW_J3_21h_50mtvd.png (PNG copy)> <./RW_J4_7h15train_50mtvd.png (PNG cop
y)> <./NrhoTZ_50mNH_5785.png (PNG copy)> <./NrhoTZ_50mNH_535.png (PNG copy)>]
<RW_J3_21_hydro.png, id=559, 819.8371pt x 491.90225pt>
File: RW_J3_21_hydro.png Graphic file (type png)

<use RW_J3_21_hydro.png>
Package pdftex.def Info: RW_J3_21_hydro.png used on input line 185.
(pdftex.def)             Requested size: 227.62206pt x 136.56828pt.
 <RW_83T_hydro.png, id=560, 818.2829pt x 490.34807pt>
File: RW_83T_hydro.png Graphic file (type png)

<use RW_83T_hydro.png>
Package pdftex.def Info: RW_83T_hydro.png used on input line 190.
(pdftex.def)             Requested size: 227.62206pt x 136.39867pt.

Overfull \hbox (6.84pt too wide) in paragraph at lines 184--193
[]$[]$   $[]$ 
 []

[39 <./RW_J3_21_hydro.png (PNG copy)> <./RW_83T_hydro.png (PNG copy)>]
<RV_75T_ref.png, id=567, 819.8371pt x 491.90225pt>
File: RV_75T_ref.png Graphic file (type png)
 <use RV_75T_ref.png>
Package pdftex.def Info: RV_75T_ref.png used on input line 213.
(pdftex.def)             Requested size: 227.62206pt x 136.56828pt.

<RV_75T_50m.png, id=568, 819.8371pt x 491.90225pt>
File: RV_75T_50m.png Graphic file (type png)
 <use RV_75T_50m.png>
Package pdftex.def Info: RV_75T_50m.png used on input line 218.
(pdftex.def)             Requested size: 227.62206pt x 136.56828pt.

Overfull \hbox (6.84pt too wide) in paragraph at lines 212--221
[]$[]$   $[]$ 
 []

<RV_75T_220mH.png, id=569, 819.8371pt x 491.90225pt>
File: RV_75T_220mH.png Graphic file (type png)
 <use RV_75T_220mH.png>
Package pdftex.def Info: RV_75T_220mH.png used on input line 223.
(pdftex.def)             Requested size: 227.62206pt x 136.56828pt.

<RV_75T_50mH.png, id=570, 819.8371pt x 491.90225pt>
File: RV_75T_50mH.png Graphic file (type png)
 <use RV_75T_50mH.png>
Package pdftex.def Info: RV_75T_50mH.png used on input line 228.
(pdftex.def)             Requested size: 227.62206pt x 136.56828pt.

Overfull \hbox (6.84pt too wide) in paragraph at lines 222--231
[]$[]$   $[]$ 
 []

[40



 <./RV_75T_ref.png (PNG copy)> <./RV_75T_50m.png (PNG copy)> <./RV_75T_220mH.pn
g (PNG copy)> <./RV_75T_50mH.png (PNG copy)>]
<comp_fn_strat.png, id=575, 1445.4pt x 716.9184pt>
File: comp_fn_strat.png Graphic file (type png)
 <use comp_fn_strat.png>
Package pdftex.def Info: comp_fn_strat.png used on input line 239.
(pdftex.def)             Requested size: 455.24411pt x 225.79767pt.

[41

 <./comp_fn_strat.png (PNG copy)>]) (./paper_gbr2d.lot)
\tf@lot=\write8
\openout8 = `paper_gbr2d.lot'.

 [42


]
(./paper_gbr2d.ttt [43]
Underfull \hbox (badness 4543) in paragraph at lines 44--44
[]|\T1/txr/m/n/12 Upper layer trans-
 []


Underfull \hbox (badness 3536) in paragraph at lines 44--45
[]|\T1/txr/m/n/12 Lower layer trans-
 []

[44] [45



])
Package atveryend Info: Empty hook `BeforeClearDocument' on input line 1066.
Package atveryend Info: Empty hook `AfterLastShipout' on input line 1066.
 (./paper_gbr2d.aux)
Package atveryend Info: Executing hook `AtVeryEndDocument' on input line 1066.
Package atveryend Info: Executing hook `AtEndAfterFileList' on input line 1066.

Package rerunfilecheck Info: File `paper_gbr2d.out' has not changed.
(rerunfilecheck)             Checksum: 14C78C6BD054EE131FBFF706A3A50701;1372.
Package atveryend Info: Empty hook `AtVeryVeryEnd' on input line 1066.
 ) 
Here is how much of TeX's memory you used:
 12352 strings out of 494035
 175620 string characters out of 6158520
 281313 words of memory out of 5000000
 15280 multiletter control sequences out of 15000+600000
 67876 words of font info for 146 fonts, out of 8000000 for 9000
 475 hyphenation exceptions out of 8191
 42i,22n,43p,1192b,508s stack positions out of 5000i,500n,10000p,200000b,80000s
{/usr/share/texmf/fonts/enc/dvips/base/8r.enc}</usr/share/texmf/fonts/type1/p
ublic/txfonts/rtcxr.pfb></usr/share/texmf/fonts/type1/public/txfonts/rtxb.pfb><
/usr/share/texmf/fonts/type1/public/txfonts/rtxi.pfb></usr/share/texmf/fonts/ty
pe1/public/txfonts/rtxmi.pfb></usr/share/texmf/fonts/type1/public/txfonts/rtxr.
pfb></usr/share/texmf/fonts/type1/public/txfonts/txex.pfb></usr/share/texmf/fon
ts/type1/public/txfonts/txexa.pfb></usr/share/texmf/fonts/type1/public/txfonts/
txsy.pfb></usr/share/texmf/fonts/type1/urw/times/utmb8a.pfb></usr/share/texmf/f
onts/type1/urw/times/utmbi8a.pfb></usr/share/texmf/fonts/type1/urw/times/utmr8a
.pfb></usr/share/texmf/fonts/type1/urw/times/utmri8a.pfb>
Output written on paper_gbr2d.pdf (45 pages, 6140973 bytes).
PDF statistics:
 674 PDF objects out of 1000 (max. 8388607)
 571 compressed objects within 6 object streams
 141 named destinations out of 1000 (max. 500000)
 282 words of extra memory for PDF output out of 10000 (max. 10000000)

